--- MIGRATION ERRORS LOG: 2026-06-12 14:30:28.310362 ---
Row 65 | Skipping due to error: Unrecognized date format: 'messy-date-string' | Raw Content: {'name': 'Joseph Thomas', 'email': 'user_65@aldi-legacy.com', 'signup_date': 'messy-date-string', 'phone': 'N/A'}
Row 68 | Skipping due to error: Unrecognized date format: 'messy-date-string' | Raw Content: {'name': 'William Brown', 'email': 'user_68@aldi-legacy.com', 'signup_date': 'messy-date-string', 'phone': '+61 415 265 641'}
Row 94 | Skipping due to error: Critical field missing: 'email' cannot be empty. | Raw Content: {'name': 'Joseph Wilson', 'email': '', 'signup_date': '2022-09-21', 'phone': '+61 449 200 763'}
Row 117 | Skipping due to error: Unrecognized date format: 'messy-date-string' | Raw Content: {'name': 'Robert Thomas', 'email': 'user_117@aldi-legacy.com', 'signup_date': 'messy-date-string', 'phone': ''}
Row 187 | Skipping due to error: Critical field missing: 'email' cannot be empty. | Raw Content: {'name': 'James Williams', 'email': '', 'signup_date': '2020.02.22', 'phone': '+61 476 837 145'}
Row 196 | Skipping due to error: Unrecognized date format: 'messy-date-string' | Raw Content: {'name': 'Michael Gonzalez', 'email': 'user_196@aldi-legacy.com', 'signup_date': 'messy-date-string', 'phone': '+61 425 103 195'}
Row 211 | Skipping due to error: Critical field missing: 'email' cannot be empty. | Raw Content: {'name': 'Susan Brown', 'email': '', 'signup_date': '2023-04-02', 'phone': '+61 490 723 285'}
Row 216 | Skipping due to error: Critical field missing: 'email' cannot be empty. | Raw Content: {'name': 'Jennifer Smith', 'email': '', 'signup_date': '2022.04.18', 'phone': '+61 492 870 833'}
Row 260 | Skipping due to error: Unrecognized date format: 'messy-date-string' | Raw Content: {'name': 'Elizabeth Gonzalez', 'email': 'user_260@aldi-legacy.com', 'signup_date': 'messy-date-string', 'phone': ''}
Row 262 | Skipping due to error: Critical field missing: 'email' cannot be empty. | Raw Content: {'name': 'David Davis', 'email': '', 'signup_date': '11/09/2022', 'phone': '+61 467 617 435'}
Row 275 | Skipping due to error: Unrecognized date format: 'messy-date-string' | Raw Content: {'name': 'Robert Wilson', 'email': 'user_275@aldi-legacy.com', 'signup_date': 'messy-date-string', 'phone': 'N/A'}
Row 282 | Skipping due to error: Critical field missing: 'email' cannot be empty. | Raw Content: {'name': 'William Gonzalez', 'email': '', 'signup_date': '2021.02.14', 'phone': 'N/A'}
Row 302 | Skipping due to error: Critical field missing: 'email' cannot be empty. | Raw Content: {'name': 'John Hernandez', 'email': '', 'signup_date': '01/08/2022', 'phone': '+61 437 975 638'}
Row 311 | Skipping due to error: Unrecognized date format: 'messy-date-string' | Raw Content: {'name': 'Robert Miller', 'email': 'user_311@aldi-legacy.com', 'signup_date': 'messy-date-string', 'phone': '+61 433 564 117'}
Row 312 | Skipping due to error: Unrecognized date format: 'messy-date-string' | Raw Content: {'name': 'Elizabeth Rodriguez', 'email': 'user_312@aldi-legacy.com', 'signup_date': 'messy-date-string', 'phone': '+61 440 109 909'}
Row 315 | Skipping due to error: Unrecognized date format: 'messy-date-string' | Raw Content: {'name': 'Jennifer Rodriguez', 'email': 'user_315@aldi-legacy.com', 'signup_date': 'messy-date-string', 'phone': '+61 435 659 540'}
Row 382 | Skipping due to error: Critical field missing: 'email' cannot be empty. | Raw Content: {'name': 'Elizabeth Rodriguez', 'email': '', 'signup_date': '08/08/2020', 'phone': '+61 441 563 850'}
Row 401 | Skipping due to error: Critical field missing: 'email' cannot be empty. | Raw Content: {'name': 'William Miller', 'email': '', 'signup_date': '03-Oct-2021', 'phone': '+61 451 637 687'}
Row 427 | Skipping due to error: Critical field missing: 'email' cannot be empty. | Raw Content: {'name': 'James Thomas', 'email': '', 'signup_date': '12-Jul-2021', 'phone': '+61 447 792 457'}
Row 455 | Skipping due to error: Unrecognized date format: 'messy-date-string' | Raw Content: {'name': 'Robert Hernandez', 'email': 'user_455@aldi-legacy.com', 'signup_date': 'messy-date-string', 'phone': '+61 426 392 494'}
Row 574 | Skipping due to error: Unrecognized date format: 'messy-date-string' | Raw Content: {'name': 'Michael Lopez', 'email': 'user_574@aldi-legacy.com', 'signup_date': 'messy-date-string', 'phone': '+61 466 596 442'}
Row 585 | Skipping due to error: Unrecognized date format: 'messy-date-string' | Raw Content: {'name': 'Thomas Jones', 'email': 'user_585@aldi-legacy.com', 'signup_date': 'messy-date-string', 'phone': '+61 482 557 503'}
Row 609 | Skipping due to error: Unrecognized date format: 'messy-date-string' | Raw Content: {'name': 'Thomas Lopez', 'email': 'user_609@aldi-legacy.com', 'signup_date': 'messy-date-string', 'phone': ''}
Row 685 | Skipping due to error: Critical field missing: 'email' cannot be empty. | Raw Content: {'name': 'Barbara Garcia', 'email': '', 'signup_date': '13-Nov-2020', 'phone': 'N/A'}
Row 710 | Skipping due to error: Critical field missing: 'email' cannot be empty. | Raw Content: {'name': 'David Rodriguez', 'email': '', 'signup_date': '07-Jan-2020', 'phone': '+61 423 288 308'}
Row 711 | Skipping due to error: Unrecognized date format: 'messy-date-string' | Raw Content: {'name': 'Jessica Anderson', 'email': 'user_711@aldi-legacy.com', 'signup_date': 'messy-date-string', 'phone': 'N/A'}
Row 721 | Skipping due to error: Critical field missing: 'email' cannot be empty. | Raw Content: {'name': 'Barbara Lopez', 'email': '', 'signup_date': '2024-09-23', 'phone': '+61 432 697 328'}
Row 735 | Skipping due to error: Critical field missing: 'email' cannot be empty. | Raw Content: {'name': 'Robert Thomas', 'email': '', 'signup_date': '2025-11-17', 'phone': '+61 484 588 126'}
Row 744 | Skipping due to error: Unrecognized date format: 'messy-date-string' | Raw Content: {'name': 'Jennifer Brown', 'email': 'user_744@aldi-legacy.com', 'signup_date': 'messy-date-string', 'phone': '+61 426 668 455'}
Row 748 | Skipping due to error: Unrecognized date format: 'messy-date-string' | Raw Content: {'name': 'Joseph Davis', 'email': 'user_748@aldi-legacy.com', 'signup_date': 'messy-date-string', 'phone': ''}
Row 751 | Skipping due to error: Unrecognized date format: 'messy-date-string' | Raw Content: {'name': 'Jennifer Garcia', 'email': 'user_751@aldi-legacy.com', 'signup_date': 'messy-date-string', 'phone': '+61 464 992 911'}
Row 753 | Skipping due to error: Critical field missing: 'email' cannot be empty. | Raw Content: {'name': 'Mary Lopez', 'email': '', 'signup_date': '2023-07-17', 'phone': '+61 489 664 502'}
Row 767 | Skipping due to error: Critical field missing: 'email' cannot be empty. | Raw Content: {'name': 'Jennifer Lopez', 'email': '', 'signup_date': '12-Jul-2022', 'phone': 'N/A'}
Row 771 | Skipping due to error: Unrecognized date format: 'messy-date-string' | Raw Content: {'name': 'Thomas Miller', 'email': 'user_771@aldi-legacy.com', 'signup_date': 'messy-date-string', 'phone': 'N/A'}
Row 846 | Skipping due to error: Unrecognized date format: 'messy-date-string' | Raw Content: {'name': 'Joseph Jones', 'email': 'user_846@aldi-legacy.com', 'signup_date': 'messy-date-string', 'phone': '+61 446 475 610'}
Row 850 | Skipping due to error: Critical field missing: 'email' cannot be empty. | Raw Content: {'name': 'James Anderson', 'email': '', 'signup_date': '2020.12.18', 'phone': '+61 456 533 903'}
Row 888 | Skipping due to error: Unrecognized date format: 'messy-date-string' | Raw Content: {'name': 'Elizabeth Johnson', 'email': 'user_888@aldi-legacy.com', 'signup_date': 'messy-date-string', 'phone': '+61 498 180 933'}
Row 936 | Skipping due to error: Unrecognized date format: 'messy-date-string' | Raw Content: {'name': 'Michael Williams', 'email': 'user_936@aldi-legacy.com', 'signup_date': 'messy-date-string', 'phone': '+61 485 351 954'}
Row 992 | Skipping due to error: Critical field missing: 'email' cannot be empty. | Raw Content: {'name': 'James Garcia', 'email': '', 'signup_date': '02/10/2024', 'phone': '+61 497 315 578'}
Row 1035 | Skipping due to error: Unrecognized date format: 'messy-date-string' | Raw Content: {'name': 'Michael Thomas', 'email': 'user_1035@aldi-legacy.com', 'signup_date': 'messy-date-string', 'phone': '+61 477 398 803'}
Row 1047 | Skipping due to error: Critical field missing: 'email' cannot be empty. | Raw Content: {'name': 'Linda Lopez', 'email': '', 'signup_date': '12-Aug-2022', 'phone': '+61 484 345 767'}
Row 1105 | Skipping due to error: Critical field missing: 'email' cannot be empty. | Raw Content: {'name': 'Elizabeth Wilson', 'email': '', 'signup_date': '2025.04.27', 'phone': '+61 481 404 332'}
Row 1112 | Skipping due to error: Unrecognized date format: 'messy-date-string' | Raw Content: {'name': 'John Martinez', 'email': 'user_1112@aldi-legacy.com', 'signup_date': 'messy-date-string', 'phone': '+61 435 653 426'}
Row 1120 | Skipping due to error: Critical field missing: 'email' cannot be empty. | Raw Content: {'name': 'Linda Martinez', 'email': '', 'signup_date': '2020-08-10', 'phone': '+61 422 919 401'}
Row 1128 | Skipping due to error: Unrecognized date format: 'messy-date-string' | Raw Content: {'name': 'Thomas Williams', 'email': 'user_1128@aldi-legacy.com', 'signup_date': 'messy-date-string', 'phone': '+61 492 362 724'}
Row 1153 | Skipping due to error: Unrecognized date format: 'messy-date-string' | Raw Content: {'name': 'Jessica Lopez', 'email': 'user_1153@aldi-legacy.com', 'signup_date': 'messy-date-string', 'phone': 'N/A'}
Row 1170 | Skipping due to error: Unrecognized date format: 'messy-date-string' | Raw Content: {'name': 'Michael Anderson', 'email': 'user_1170@aldi-legacy.com', 'signup_date': 'messy-date-string', 'phone': '+61 437 148 947'}
Row 1175 | Skipping due to error: Unrecognized date format: 'messy-date-string' | Raw Content: {'name': 'Thomas Martinez', 'email': 'user_1175@aldi-legacy.com', 'signup_date': 'messy-date-string', 'phone': '+61 443 459 770'}
Row 1176 | Skipping due to error: Unrecognized date format: 'messy-date-string' | Raw Content: {'name': 'John Wilson', 'email': 'user_1176@aldi-legacy.com', 'signup_date': 'messy-date-string', 'phone': ''}
Row 1243 | Skipping due to error: Unrecognized date format: 'messy-date-string' | Raw Content: {'name': 'Patricia Gonzalez', 'email': 'user_1243@aldi-legacy.com', 'signup_date': 'messy-date-string', 'phone': 'N/A'}
Row 1252 | Skipping due to error: Critical field missing: 'email' cannot be empty. | Raw Content: {'name': 'Elizabeth Smith', 'email': '', 'signup_date': '01/03/2022', 'phone': '+61 468 287 402'}
Row 1288 | Skipping due to error: Unrecognized date format: 'messy-date-string' | Raw Content: {'name': 'Barbara Williams', 'email': 'user_1288@aldi-legacy.com', 'signup_date': 'messy-date-string', 'phone': 'N/A'}
Row 1293 | Skipping due to error: Unrecognized date format: 'messy-date-string' | Raw Content: {'name': 'Robert Brown', 'email': 'user_1293@aldi-legacy.com', 'signup_date': 'messy-date-string', 'phone': '+61 429 709 796'}
Row 1321 | Skipping due to error: Unrecognized date format: 'messy-date-string' | Raw Content: {'name': 'Thomas Davis', 'email': 'user_1321@aldi-legacy.com', 'signup_date': 'messy-date-string', 'phone': '+61 485 654 420'}
Row 1336 | Skipping due to error: Critical field missing: 'email' cannot be empty. | Raw Content: {'name': 'Elizabeth Davis', 'email': '', 'signup_date': '2023-11-18', 'phone': '+61 475 714 750'}
Row 1341 | Skipping due to error: Unrecognized date format: 'messy-date-string' | Raw Content: {'name': 'John Miller', 'email': 'user_1341@aldi-legacy.com', 'signup_date': 'messy-date-string', 'phone': '+61 490 232 552'}
Row 1353 | Skipping due to error: Critical field missing: 'email' cannot be empty. | Raw Content: {'name': 'Robert Williams', 'email': '', 'signup_date': '2025.05.06', 'phone': '+61 467 660 867'}
Row 1387 | Skipping due to error: Unrecognized date format: 'messy-date-string' | Raw Content: {'name': 'William Hernandez', 'email': 'user_1387@aldi-legacy.com', 'signup_date': 'messy-date-string', 'phone': '+61 462 644 121'}
Row 1393 | Skipping due to error: Unrecognized date format: 'messy-date-string' | Raw Content: {'name': 'Susan Garcia', 'email': 'user_1393@aldi-legacy.com', 'signup_date': 'messy-date-string', 'phone': '+61 495 848 434'}
Row 1410 | Skipping due to error: Critical field missing: 'email' cannot be empty. | Raw Content: {'name': 'Jennifer Williams', 'email': '', 'signup_date': '2024-08-21', 'phone': '+61 488 713 499'}
Row 1416 | Skipping due to error: Critical field missing: 'email' cannot be empty. | Raw Content: {'name': 'Elizabeth Garcia', 'email': '', 'signup_date': '08-May-2022', 'phone': '+61 411 419 823'}
Row 1470 | Skipping due to error: Unrecognized date format: 'messy-date-string' | Raw Content: {'name': 'Linda Anderson', 'email': 'user_1470@aldi-legacy.com', 'signup_date': 'messy-date-string', 'phone': '+61 414 761 885'}
Row 1487 | Skipping due to error: Unrecognized date format: 'messy-date-string' | Raw Content: {'name': 'Michael Hernandez', 'email': 'user_1487@aldi-legacy.com', 'signup_date': 'messy-date-string', 'phone': ''}
Row 1496 | Skipping due to error: Critical field missing: 'email' cannot be empty. | Raw Content: {'name': 'Elizabeth Davis', 'email': '', 'signup_date': '28-Nov-2022', 'phone': 'N/A'}
Row 1524 | Skipping due to error: Critical field missing: 'email' cannot be empty. | Raw Content: {'name': 'Michael Garcia', 'email': '', 'signup_date': '11/03/2024', 'phone': ''}
Row 1533 | Skipping due to error: Unrecognized date format: 'messy-date-string' | Raw Content: {'name': 'Elizabeth Wilson', 'email': 'user_1533@aldi-legacy.com', 'signup_date': 'messy-date-string', 'phone': ''}
Row 1542 | Skipping due to error: Critical field missing: 'email' cannot be empty. | Raw Content: {'name': 'Joseph Johnson', 'email': '', 'signup_date': '2021-01-21', 'phone': '+61 485 514 283'}
Row 1548 | Skipping due to error: Unrecognized date format: 'messy-date-string' | Raw Content: {'name': 'Jennifer Miller', 'email': 'user_1548@aldi-legacy.com', 'signup_date': 'messy-date-string', 'phone': 'N/A'}
Row 1563 | Skipping due to error: Unrecognized date format: 'messy-date-string' | Raw Content: {'name': 'Michael Garcia', 'email': 'user_1563@aldi-legacy.com', 'signup_date': 'messy-date-string', 'phone': ''}
Row 1642 | Skipping due to error: Critical field missing: 'email' cannot be empty. | Raw Content: {'name': 'William Lopez', 'email': '', 'signup_date': '08-Mar-2022', 'phone': 'N/A'}
Row 1695 | Skipping due to error: Critical field missing: 'email' cannot be empty. | Raw Content: {'name': 'John Gonzalez', 'email': '', 'signup_date': '09-Mar-2024', 'phone': '+61 453 597 869'}
Row 1744 | Skipping due to error: Unrecognized date format: 'messy-date-string' | Raw Content: {'name': 'Thomas Johnson', 'email': 'user_1744@aldi-legacy.com', 'signup_date': 'messy-date-string', 'phone': '+61 496 104 971'}
Row 1757 | Skipping due to error: Unrecognized date format: 'messy-date-string' | Raw Content: {'name': 'John Thomas', 'email': 'user_1757@aldi-legacy.com', 'signup_date': 'messy-date-string', 'phone': '+61 419 482 655'}
Row 1759 | Skipping due to error: Critical field missing: 'email' cannot be empty. | Raw Content: {'name': 'Thomas Williams', 'email': '', 'signup_date': '2025-04-28', 'phone': '+61 411 968 302'}
Row 1775 | Skipping due to error: Critical field missing: 'email' cannot be empty. | Raw Content: {'name': 'William Davis', 'email': '', 'signup_date': '2024-11-12', 'phone': '+61 488 332 648'}
Row 1813 | Skipping due to error: Unrecognized date format: 'messy-date-string' | Raw Content: {'name': 'Linda Wilson', 'email': 'user_1813@aldi-legacy.com', 'signup_date': 'messy-date-string', 'phone': '+61 426 994 423'}
Row 1829 | Skipping due to error: Critical field missing: 'email' cannot be empty. | Raw Content: {'name': 'Mary Martinez', 'email': '', 'signup_date': '2021-01-24', 'phone': '+61 459 586 780'}
Row 1917 | Skipping due to error: Unrecognized date format: 'messy-date-string' | Raw Content: {'name': 'Thomas Brown', 'email': 'user_1917@aldi-legacy.com', 'signup_date': 'messy-date-string', 'phone': '+61 493 466 513'}
Row 1928 | Skipping due to error: Critical field missing: 'email' cannot be empty. | Raw Content: {'name': 'Elizabeth Jones', 'email': '', 'signup_date': '18-Jul-2020', 'phone': '+61 464 726 769'}
Row 1939 | Skipping due to error: Unrecognized date format: 'messy-date-string' | Raw Content: {'name': 'Jennifer Thomas', 'email': 'user_1939@aldi-legacy.com', 'signup_date': 'messy-date-string', 'phone': '+61 488 585 553'}
Row 1959 | Skipping due to error: Critical field missing: 'email' cannot be empty. | Raw Content: {'name': 'William Smith', 'email': '', 'signup_date': '01/20/2024', 'phone': '+61 428 399 547'}
Row 1992 | Skipping due to error: Unrecognized date format: 'messy-date-string' | Raw Content: {'name': 'James Martinez', 'email': 'user_1992@aldi-legacy.com', 'signup_date': 'messy-date-string', 'phone': 'N/A'}
Row 2008 | Skipping due to error: Unrecognized date format: 'messy-date-string' | Raw Content: {'name': 'Patricia Lopez', 'email': 'user_2008@aldi-legacy.com', 'signup_date': 'messy-date-string', 'phone': '+61 413 110 267'}
Row 2048 | Skipping due to error: Critical field missing: 'email' cannot be empty. | Raw Content: {'name': 'Jessica Wilson', 'email': '', 'signup_date': '2023-04-18', 'phone': '+61 449 560 756'}
Row 2055 | Skipping due to error: Critical field missing: 'email' cannot be empty. | Raw Content: {'name': 'Barbara Williams', 'email': '', 'signup_date': '04/12/2023', 'phone': '+61 486 790 254'}
Row 2058 | Skipping due to error: Unrecognized date format: 'messy-date-string' | Raw Content: {'name': 'Barbara Garcia', 'email': 'user_2058@aldi-legacy.com', 'signup_date': 'messy-date-string', 'phone': '+61 429 659 311'}
Row 2071 | Skipping due to error: Critical field missing: 'email' cannot be empty. | Raw Content: {'name': 'William Rodriguez', 'email': '', 'signup_date': '2021-07-07', 'phone': '+61 413 657 201'}
Row 2076 | Skipping due to error: Critical field missing: 'email' cannot be empty. | Raw Content: {'name': 'Jessica Garcia', 'email': '', 'signup_date': '02/11/2023', 'phone': ''}
Row 2095 | Skipping due to error: Unrecognized date format: 'messy-date-string' | Raw Content: {'name': 'Linda Jones', 'email': 'user_2095@aldi-legacy.com', 'signup_date': 'messy-date-string', 'phone': '+61 491 855 115'}
Row 2153 | Skipping due to error: Unrecognized date format: 'messy-date-string' | Raw Content: {'name': 'Susan Jones', 'email': 'user_2153@aldi-legacy.com', 'signup_date': 'messy-date-string', 'phone': '+61 453 263 189'}
Row 2165 | Skipping due to error: Critical field missing: 'email' cannot be empty. | Raw Content: {'name': 'Robert Williams', 'email': '', 'signup_date': '05/12/2022', 'phone': '+61 485 706 508'}
Row 2171 | Skipping due to error: Unrecognized date format: 'messy-date-string' | Raw Content: {'name': 'Jessica Garcia', 'email': 'user_2171@aldi-legacy.com', 'signup_date': 'messy-date-string', 'phone': '+61 459 517 819'}
Row 2184 | Skipping due to error: Critical field missing: 'email' cannot be empty. | Raw Content: {'name': 'David Thomas', 'email': '', 'signup_date': '2022.08.12', 'phone': '+61 422 771 161'}
Row 2199 | Skipping due to error: Critical field missing: 'email' cannot be empty. | Raw Content: {'name': 'Elizabeth Wilson', 'email': '', 'signup_date': '08-Dec-2025', 'phone': '+61 453 321 455'}
Row 2294 | Skipping due to error: Critical field missing: 'email' cannot be empty. | Raw Content: {'name': 'Thomas Lopez', 'email': '', 'signup_date': '2021-06-21', 'phone': ''}
Row 2297 | Skipping due to error: Critical field missing: 'email' cannot be empty. | Raw Content: {'name': 'Barbara Anderson', 'email': '', 'signup_date': '2023-02-21', 'phone': ''}
Row 2309 | Skipping due to error: Unrecognized date format: 'messy-date-string' | Raw Content: {'name': 'Susan Brown', 'email': 'user_2309@aldi-legacy.com', 'signup_date': 'messy-date-string', 'phone': '+61 487 477 841'}
Row 2340 | Skipping due to error: Critical field missing: 'email' cannot be empty. | Raw Content: {'name': 'Linda Thomas', 'email': '', 'signup_date': '2023-05-09', 'phone': '+61 457 424 981'}
Row 2373 | Skipping due to error: Unrecognized date format: 'messy-date-string' | Raw Content: {'name': 'Elizabeth Johnson', 'email': 'user_2373@aldi-legacy.com', 'signup_date': 'messy-date-string', 'phone': '+61 459 257 686'}
Row 2393 | Skipping due to error: Critical field missing: 'email' cannot be empty. | Raw Content: {'name': 'Mary Brown', 'email': '', 'signup_date': '08-Mar-2022', 'phone': '+61 413 235 810'}
Row 2430 | Skipping due to error: Unrecognized date format: 'messy-date-string' | Raw Content: {'name': 'William Gonzalez', 'email': 'user_2430@aldi-legacy.com', 'signup_date': 'messy-date-string', 'phone': '+61 453 205 415'}
Row 2452 | Skipping due to error: Unrecognized date format: 'messy-date-string' | Raw Content: {'name': 'John Lopez', 'email': 'user_2452@aldi-legacy.com', 'signup_date': 'messy-date-string', 'phone': '+61 485 182 632'}
Row 2466 | Skipping due to error: Unrecognized date format: 'messy-date-string' | Raw Content: {'name': 'James Hernandez', 'email': 'user_2466@aldi-legacy.com', 'signup_date': 'messy-date-string', 'phone': '+61 490 209 102'}
Row 2516 | Skipping due to error: Unrecognized date format: 'messy-date-string' | Raw Content: {'name': 'Linda Johnson', 'email': 'user_2516@aldi-legacy.com', 'signup_date': 'messy-date-string', 'phone': '+61 489 819 557'}
Row 2520 | Skipping due to error: Unrecognized date format: 'messy-date-string' | Raw Content: {'name': 'Linda Rodriguez', 'email': 'user_2520@aldi-legacy.com', 'signup_date': 'messy-date-string', 'phone': '+61 472 367 890'}
Row 2537 | Skipping due to error: Critical field missing: 'email' cannot be empty. | Raw Content: {'name': 'Mary Smith', 'email': '', 'signup_date': '2025-03-27', 'phone': '+61 432 782 462'}
Row 2574 | Skipping due to error: Critical field missing: 'email' cannot be empty. | Raw Content: {'name': 'Robert Martinez', 'email': '', 'signup_date': '04/05/2021', 'phone': ''}
Row 2582 | Skipping due to error: Unrecognized date format: 'messy-date-string' | Raw Content: {'name': 'Robert Williams', 'email': 'user_2582@aldi-legacy.com', 'signup_date': 'messy-date-string', 'phone': '+61 427 304 399'}
Row 2618 | Skipping due to error: Critical field missing: 'email' cannot be empty. | Raw Content: {'name': 'Mary Williams', 'email': '', 'signup_date': '2024-04-26', 'phone': '+61 479 877 861'}
Row 2625 | Skipping due to error: Critical field missing: 'email' cannot be empty. | Raw Content: {'name': 'Barbara Anderson', 'email': '', 'signup_date': '28-Oct-2024', 'phone': '+61 473 933 546'}
Row 2657 | Skipping due to error: Critical field missing: 'email' cannot be empty. | Raw Content: {'name': 'David Brown', 'email': '', 'signup_date': '2020-10-07', 'phone': '+61 430 964 149'}
Row 2660 | Skipping due to error: Unrecognized date format: 'messy-date-string' | Raw Content: {'name': 'Mary Wilson', 'email': 'user_2660@aldi-legacy.com', 'signup_date': 'messy-date-string', 'phone': '+61 465 655 192'}
Row 2677 | Skipping due to error: Critical field missing: 'email' cannot be empty. | Raw Content: {'name': 'Barbara Miller', 'email': '', 'signup_date': '2020.07.06', 'phone': '+61 433 332 739'}
Row 2702 | Skipping due to error: Critical field missing: 'email' cannot be empty. | Raw Content: {'name': 'John Miller', 'email': '', 'signup_date': '2024-01-08', 'phone': '+61 420 961 667'}
Row 2724 | Skipping due to error: Critical field missing: 'email' cannot be empty. | Raw Content: {'name': 'Michael Hernandez', 'email': '', 'signup_date': '2022.06.21', 'phone': '+61 470 394 230'}
Row 2755 | Skipping due to error: Unrecognized date format: 'messy-date-string' | Raw Content: {'name': 'Patricia Martinez', 'email': 'user_2755@aldi-legacy.com', 'signup_date': 'messy-date-string', 'phone': '+61 412 707 569'}
Row 2789 | Skipping due to error: Unrecognized date format: 'messy-date-string' | Raw Content: {'name': 'Linda Brown', 'email': 'user_2789@aldi-legacy.com', 'signup_date': 'messy-date-string', 'phone': '+61 429 673 941'}
Row 2800 | Skipping due to error: Critical field missing: 'email' cannot be empty. | Raw Content: {'name': 'Michael Rodriguez', 'email': '', 'signup_date': '2020-05-17', 'phone': ''}
Row 2838 | Skipping due to error: Unrecognized date format: 'messy-date-string' | Raw Content: {'name': 'Robert Smith', 'email': 'user_2838@aldi-legacy.com', 'signup_date': 'messy-date-string', 'phone': '+61 464 192 430'}
Row 2840 | Skipping due to error: Unrecognized date format: 'messy-date-string' | Raw Content: {'name': 'Susan Davis', 'email': 'user_2840@aldi-legacy.com', 'signup_date': 'messy-date-string', 'phone': 'N/A'}
Row 2845 | Skipping due to error: Critical field missing: 'email' cannot be empty. | Raw Content: {'name': 'Barbara Wilson', 'email': '', 'signup_date': '2023-10-27', 'phone': ''}
Row 2861 | Skipping due to error: Unrecognized date format: 'messy-date-string' | Raw Content: {'name': 'Mary Johnson', 'email': 'user_2861@aldi-legacy.com', 'signup_date': 'messy-date-string', 'phone': ''}
Row 2884 | Skipping due to error: Unrecognized date format: 'messy-date-string' | Raw Content: {'name': 'William Hernandez', 'email': 'user_2884@aldi-legacy.com', 'signup_date': 'messy-date-string', 'phone': 'N/A'}
Row 2914 | Skipping due to error: Unrecognized date format: 'messy-date-string' | Raw Content: {'name': 'Michael Garcia', 'email': 'user_2914@aldi-legacy.com', 'signup_date': 'messy-date-string', 'phone': '+61 471 194 113'}
Row 2928 | Skipping due to error: Unrecognized date format: 'messy-date-string' | Raw Content: {'name': 'James Garcia', 'email': 'user_2928@aldi-legacy.com', 'signup_date': 'messy-date-string', 'phone': '+61 476 614 239'}
Row 2966 | Skipping due to error: Critical field missing: 'email' cannot be empty. | Raw Content: {'name': 'David Miller', 'email': '', 'signup_date': '2024-08-05', 'phone': 'N/A'}
Row 2984 | Skipping due to error: Unrecognized date format: 'messy-date-string' | Raw Content: {'name': 'Thomas Anderson', 'email': 'user_2984@aldi-legacy.com', 'signup_date': 'messy-date-string', 'phone': '+61 424 190 586'}
Row 3000 | Skipping due to error: Critical field missing: 'email' cannot be empty. | Raw Content: {'name': 'Jennifer Williams', 'email': '', 'signup_date': '20-Nov-2025', 'phone': 'N/A'}
Row 3006 | Skipping due to error: Unrecognized date format: 'messy-date-string' | Raw Content: {'name': 'Barbara Brown', 'email': 'user_3006@aldi-legacy.com', 'signup_date': 'messy-date-string', 'phone': 'N/A'}
Row 3010 | Skipping due to error: Critical field missing: 'email' cannot be empty. | Raw Content: {'name': 'Mary Wilson', 'email': '', 'signup_date': '01/27/2024', 'phone': '+61 489 352 566'}
Row 3089 | Skipping due to error: Critical field missing: 'email' cannot be empty. | Raw Content: {'name': 'Elizabeth Miller', 'email': '', 'signup_date': '2025-06-16', 'phone': 'N/A'}
Row 3092 | Skipping due to error: Critical field missing: 'email' cannot be empty. | Raw Content: {'name': 'Michael Thomas', 'email': '', 'signup_date': '04/12/2025', 'phone': '+61 492 340 456'}
Row 3099 | Skipping due to error: Critical field missing: 'email' cannot be empty. | Raw Content: {'name': 'John Williams', 'email': '', 'signup_date': '07/19/2023', 'phone': 'N/A'}
Row 3109 | Skipping due to error: Unrecognized date format: 'messy-date-string' | Raw Content: {'name': 'Patricia Davis', 'email': 'user_3109@aldi-legacy.com', 'signup_date': 'messy-date-string', 'phone': 'N/A'}
Row 3171 | Skipping due to error: Critical field missing: 'email' cannot be empty. | Raw Content: {'name': 'Robert Wilson', 'email': '', 'signup_date': '16-Jun-2020', 'phone': 'N/A'}
Row 3231 | Skipping due to error: Critical field missing: 'email' cannot be empty. | Raw Content: {'name': 'Michael Smith', 'email': '', 'signup_date': '04/21/2020', 'phone': '+61 448 642 304'}
Row 3239 | Skipping due to error: Critical field missing: 'email' cannot be empty. | Raw Content: {'name': 'Joseph Thomas', 'email': '', 'signup_date': '18-Dec-2022', 'phone': '+61 429 203 691'}
Row 3256 | Skipping due to error: Critical field missing: 'email' cannot be empty. | Raw Content: {'name': 'Patricia Thomas', 'email': '', 'signup_date': '25-Feb-2025', 'phone': '+61 498 734 420'}
Row 3296 | Skipping due to error: Unrecognized date format: 'messy-date-string' | Raw Content: {'name': 'Barbara Martinez', 'email': 'user_3296@aldi-legacy.com', 'signup_date': 'messy-date-string', 'phone': '+61 447 692 163'}
Row 3378 | Skipping due to error: Critical field missing: 'email' cannot be empty. | Raw Content: {'name': 'Robert Thomas', 'email': '', 'signup_date': '13-Jun-2020', 'phone': '+61 461 719 291'}
Row 3405 | Skipping due to error: Critical field missing: 'email' cannot be empty. | Raw Content: {'name': 'Susan Martinez', 'email': '', 'signup_date': '2020-05-10', 'phone': '+61 418 328 405'}
Row 3419 | Skipping due to error: Unrecognized date format: 'messy-date-string' | Raw Content: {'name': 'William Anderson', 'email': 'user_3419@aldi-legacy.com', 'signup_date': 'messy-date-string', 'phone': 'N/A'}
Row 3435 | Skipping due to error: Unrecognized date format: 'messy-date-string' | Raw Content: {'name': 'Thomas Jones', 'email': 'user_3435@aldi-legacy.com', 'signup_date': 'messy-date-string', 'phone': '+61 443 680 896'}
Row 3441 | Skipping due to error: Unrecognized date format: 'messy-date-string' | Raw Content: {'name': 'William Jones', 'email': 'user_3441@aldi-legacy.com', 'signup_date': 'messy-date-string', 'phone': '+61 432 801 643'}
Row 3446 | Skipping due to error: Critical field missing: 'email' cannot be empty. | Raw Content: {'name': 'Elizabeth Williams', 'email': '', 'signup_date': '2022-05-20', 'phone': '+61 486 381 298'}
Row 3470 | Skipping due to error: Unrecognized date format: 'messy-date-string' | Raw Content: {'name': 'Linda Smith', 'email': 'user_3470@aldi-legacy.com', 'signup_date': 'messy-date-string', 'phone': ''}
Row 3500 | Skipping due to error: Unrecognized date format: 'messy-date-string' | Raw Content: {'name': 'John Gonzalez', 'email': 'user_3500@aldi-legacy.com', 'signup_date': 'messy-date-string', 'phone': '+61 451 237 652'}
Row 3508 | Skipping due to error: Critical field missing: 'email' cannot be empty. | Raw Content: {'name': 'James Smith', 'email': '', 'signup_date': '09/28/2024', 'phone': '+61 494 281 905'}
Row 3555 | Skipping due to error: Unrecognized date format: 'messy-date-string' | Raw Content: {'name': 'Jessica Wilson', 'email': 'user_3555@aldi-legacy.com', 'signup_date': 'messy-date-string', 'phone': '+61 413 100 313'}
Row 3562 | Skipping due to error: Critical field missing: 'email' cannot be empty. | Raw Content: {'name': 'John Hernandez', 'email': '', 'signup_date': '11-Oct-2025', 'phone': '+61 425 614 248'}
Row 3573 | Skipping due to error: Critical field missing: 'email' cannot be empty. | Raw Content: {'name': 'Joseph Johnson', 'email': '', 'signup_date': '10/26/2020', 'phone': '+61 440 640 943'}
Row 3625 | Skipping due to error: Unrecognized date format: 'messy-date-string' | Raw Content: {'name': 'Linda Gonzalez', 'email': 'user_3625@aldi-legacy.com', 'signup_date': 'messy-date-string', 'phone': ''}
Row 3697 | Skipping due to error: Unrecognized date format: 'messy-date-string' | Raw Content: {'name': 'Jessica Brown', 'email': 'user_3697@aldi-legacy.com', 'signup_date': 'messy-date-string', 'phone': '+61 421 636 833'}
Row 3703 | Skipping due to error: Unrecognized date format: 'messy-date-string' | Raw Content: {'name': 'Jennifer Anderson', 'email': 'user_3703@aldi-legacy.com', 'signup_date': 'messy-date-string', 'phone': '+61 434 500 561'}
Row 3742 | Skipping due to error: Unrecognized date format: 'messy-date-string' | Raw Content: {'name': 'Jennifer Rodriguez', 'email': 'user_3742@aldi-legacy.com', 'signup_date': 'messy-date-string', 'phone': '+61 488 828 488'}
Row 3759 | Skipping due to error: Critical field missing: 'email' cannot be empty. | Raw Content: {'name': 'Elizabeth Garcia', 'email': '', 'signup_date': '2022.10.18', 'phone': '+61 490 131 577'}
Row 3764 | Skipping due to error: Critical field missing: 'email' cannot be empty. | Raw Content: {'name': 'Barbara Smith', 'email': '', 'signup_date': '05/19/2025', 'phone': '+61 414 939 417'}
Row 3793 | Skipping due to error: Critical field missing: 'email' cannot be empty. | Raw Content: {'name': 'Mary Gonzalez', 'email': '', 'signup_date': '2020-03-15', 'phone': '+61 487 520 247'}
Row 3810 | Skipping due to error: Unrecognized date format: 'messy-date-string' | Raw Content: {'name': 'Linda Johnson', 'email': 'user_3810@aldi-legacy.com', 'signup_date': 'messy-date-string', 'phone': ''}
Row 3833 | Skipping due to error: Unrecognized date format: 'messy-date-string' | Raw Content: {'name': 'Thomas Gonzalez', 'email': 'user_3833@aldi-legacy.com', 'signup_date': 'messy-date-string', 'phone': 'N/A'}
Row 3836 | Skipping due to error: Critical field missing: 'email' cannot be empty. | Raw Content: {'name': 'Michael Johnson', 'email': '', 'signup_date': '2022-08-03', 'phone': '+61 477 657 909'}
Row 3840 | Skipping due to error: Unrecognized date format: 'messy-date-string' | Raw Content: {'name': 'John Lopez', 'email': 'user_3840@aldi-legacy.com', 'signup_date': 'messy-date-string', 'phone': '+61 493 318 933'}
Row 3848 | Skipping due to error: Critical field missing: 'email' cannot be empty. | Raw Content: {'name': 'Barbara Davis', 'email': '', 'signup_date': '18-Oct-2024', 'phone': 'N/A'}
Row 3993 | Skipping due to error: Critical field missing: 'email' cannot be empty. | Raw Content: {'name': 'William Wilson', 'email': '', 'signup_date': '2025-02-17', 'phone': '+61 495 852 769'}
